#
# There is insufficient memory for the Java Runtime Environment to continue.
# Native memory allocation (malloc) failed to allocate 1424496 bytes for Chunk::new
# Possible reasons:
#   The system is out of physical RAM or swap space
#   In 32 bit mode, the process size limit was hit
# Possible solutions:
#   Reduce memory load on the system
#   Increase physical memory or swap space
#   Check if swap backing store is full
#   Use 64 bit Java on a 64 bit OS
#   Decrease Java heap size (-Xmx/-Xms)
#   Decrease number of Java threads
#   Decrease Java thread stack sizes (-Xss)
#   Set larger code cache with -XX:ReservedCodeCacheSize=
# This output file may be truncated or incomplete.
#
#  Out of Memory Error (allocation.cpp:390), pid=4276, tid=2412
#
# JRE version: Java(TM) SE Runtime Environment (8.0_91-b15) (build 1.8.0_91-b15)
# Java VM: Java HotSpot(TM) 64-Bit Server VM (25.91-b15 mixed mode windows-amd64 compressed oops)
# Failed to write core dump. Minidumps are not enabled by default on client versions of Windows
#

---------------  T H R E A D  ---------------

Current thread (0x000000001539b800):  JavaThread "C2 CompilerThread0" daemon [_thread_in_native, id=2412, stack(0x0000000016a00000,0x0000000016b00000)]

Stack: [0x0000000016a00000,0x0000000016b00000]
[error occurred during error reporting (printing stack bounds), id 0xc0000005]

Native frames: (J=compiled Java code, j=interpreted, Vv=VM code, C=native code)


Current CompileTask:
C2:   4650 1179   !   4       com.android.dx.cf.code.BytecodeArray::parseInstruction (2764 bytes)


---------------  P R O C E S S  ---------------

Java Threads: ( => current thread )
  0x0000000016fa9000 JavaThread "pool-2-thread-4" [_thread_in_Java, id=1968, stack(0x0000000017700000,0x0000000017800000)]
  0x0000000016f9c800 JavaThread "pool-2-thread-3" [_thread_in_Java, id=2384, stack(0x0000000017600000,0x0000000017700000)]
  0x0000000016f9d800 JavaThread "pool-2-thread-2" [_thread_blocked, id=5964, stack(0x0000000017500000,0x0000000017600000)]
  0x0000000016f8f800 JavaThread "pool-3-thread-1" [_thread_blocked, id=5500, stack(0x0000000017400000,0x0000000017500000)]
  0x0000000016f8e800 JavaThread "pool-2-thread-1" [_thread_in_Java, id=452, stack(0x0000000017300000,0x0000000017400000)]
  0x00000000153fd000 JavaThread "Service Thread" daemon [_thread_blocked, id=4272, stack(0x0000000017100000,0x0000000017200000)]
  0x00000000153fa000 JavaThread "C1 CompilerThread2" daemon [_thread_blocked, id=1448, stack(0x0000000016c00000,0x0000000016d00000)]
  0x00000000153f7800 JavaThread "C2 CompilerThread1" daemon [_thread_in_native, id=5856, stack(0x0000000016b00000,0x0000000016c00000)]
=>0x000000001539b800 JavaThread "C2 CompilerThread0" daemon [_thread_in_native, id=2412, stack(0x0000000016a00000,0x0000000016b00000)]
  0x000000001539a800 JavaThread "Attach Listener" daemon [_thread_blocked, id=5648, stack(0x0000000016900000,0x0000000016a00000)]
  0x0000000015399000 JavaThread "Signal Dispatcher" daemon [_thread_blocked, id=3636, stack(0x0000000016800000,0x0000000016900000)]
  0x0000000002cc4800 JavaThread "Finalizer" daemon [_thread_blocked, id=1180, stack(0x0000000016600000,0x0000000016700000)]
  0x0000000002cbf000 JavaThread "Reference Handler" daemon [_thread_blocked, id=3444, stack(0x0000000016500000,0x0000000016600000)]
  0x000000000299d800 JavaThread "main" [_thread_in_Java, id=2784, stack(0x00000000029d0000,0x0000000002ad0000)]

Other Threads:
  0x0000000015367800 VMThread [stack: 0x0000000016400000,0x0000000016500000] [id=2532]
  0x0000000016d01800 WatcherThread [stack: 0x0000000017200000,0x0000000017300000] [id=5040]

VM state:not at safepoint (normal execution)

VM Mutex/Monitor currently owned by a thread: None

Heap:
 PSYoungGen      total 9728K, used 4455K [0x00000000eab00000, 0x00000000ebe00000, 0x0000000100000000)
  eden space 8704K, 39% used [0x00000000eab00000,0x00000000eae5d048,0x00000000eb380000)
  from space 1024K, 98% used [0x00000000eb380000,0x00000000eb47ce10,0x00000000eb480000)
  to   space 1024K, 0% used [0x00000000ebd00000,0x00000000ebd00000,0x00000000ebe00000)
 ParOldGen       total 22016K, used 5304K [0x00000000c0000000, 0x00000000c1580000, 0x00000000eab00000)
  object space 22016K, 24% used [0x00000000c0000000,0x00000000c052e278,0x00000000c1580000)
 Metaspace       used 6029K, capacity 6962K, committed 7040K, reserved 1056768K
  class space    used 605K, capacity 618K, committed 640K, reserved 1048576K

Card table byte_map: [0x0000000012090000,0x00000000122a0000] byte_map_base: 0x0000000011a90000

Marking Bits: (ParMarkBitMap*) 0x0000000050822f70
 Begin Bits: [0x0000000012800000, 0x0000000013800000)
 End Bits:   [0x0000000013800000, 0x0000000014800000)

Polling page: 0x0000000000bf0000

CodeCache: size=245760Kb used=4833Kb max_used=4833Kb free=240926Kb
 bounds [0x0000000002cd0000, 0x0000000003190000, 0x0000000011cd0000]
 total_blobs=1473 nmethods=1205 adapters=182
 compilation: enabled

Compilation events (10 events):
Event: 4.609 Thread 0x00000000153fa000 1187       1       com.android.dx.dex.file.DexFile::getStringIds (5 bytes)
Event: 4.609 Thread 0x00000000153fa000 nmethod 1187 0x000000000315ee50 code [0x000000000315efa0, 0x000000000315f0b0]
Event: 4.638 Thread 0x00000000153fa000 1213       3       java.util.TreeMap::rotateLeft (96 bytes)
Event: 4.639 Thread 0x00000000153fa000 nmethod 1213 0x0000000003169c50 code [0x0000000003169dc0, 0x000000000316a110]
Event: 4.640 Thread 0x00000000153fa000 1214       3       com.android.dx.dex.file.MethodIdItem::<init> (6 bytes)
Event: 4.641 Thread 0x00000000153fa000 nmethod 1214 0x000000000318a210 code [0x000000000318a3a0, 0x000000000318a8a8]
Event: 4.641 Thread 0x00000000153fa000 1215       3       java.util.TreeMap::rotateRight (96 bytes)
Event: 4.642 Thread 0x00000000153fa000 nmethod 1215 0x000000000318ab50 code [0x000000000318acc0, 0x000000000318b010]
Event: 4.642 Thread 0x00000000153fa000 1216  s    3       com.android.dx.dex.file.MethodIdsSection::intern (55 bytes)
Event: 4.645 Thread 0x00000000153fa000 nmethod 1216 0x000000000318b110 code [0x000000000318b340, 0x000000000318c068]

GC Heap History (6 events):
Event: 3.108 GC heap before
{Heap before GC invocations=1 (full 0):
 PSYoungGen      total 9728K, used 8704K [0x00000000eab00000, 0x00000000eb580000, 0x0000000100000000)
  eden space 8704K, 100% used [0x00000000eab00000,0x00000000eb380000,0x00000000eb380000)
  from space 1024K, 0% used [0x00000000eb480000,0x00000000eb480000,0x00000000eb580000)
  to   space 1024K, 0% used [0x00000000eb380000,0x00000000eb380000,0x00000000eb480000)
 ParOldGen       total 22016K, used 0K [0x00000000c0000000, 0x00000000c1580000, 0x00000000eab00000)
  object space 22016K, 0% used [0x00000000c0000000,0x00000000c0000000,0x00000000c1580000)
 Metaspace       used 4948K, capacity 5968K, committed 6272K, reserved 1056768K
  class space    used 548K, capacity 584K, committed 640K, reserved 1048576K
Event: 3.118 GC heap after
Heap after GC invocations=1 (full 0):
 PSYoungGen      total 9728K, used 1015K [0x00000000eab00000, 0x00000000eb580000, 0x0000000100000000)
  eden space 8704K, 0% used [0x00000000eab00000,0x00000000eab00000,0x00000000eb380000)
  from space 1024K, 99% used [0x00000000eb380000,0x00000000eb47dc80,0x00000000eb480000)
  to   space 1024K, 0% used [0x00000000eb480000,0x00000000eb480000,0x00000000eb580000)
 ParOldGen       total 22016K, used 1341K [0x00000000c0000000, 0x00000000c1580000, 0x00000000eab00000)
  object space 22016K, 6% used [0x00000000c0000000,0x00000000c014f4d0,0x00000000c1580000)
 Metaspace       used 4948K, capacity 5968K, committed 6272K, reserved 1056768K
  class space    used 548K, capacity 584K, committed 640K, reserved 1048576K
}
Event: 3.751 GC heap before
{Heap before GC invocations=2 (full 0):
 PSYoungGen      total 9728K, used 9719K [0x00000000eab00000, 0x00000000eb580000, 0x0000000100000000)
  eden space 8704K, 100% used [0x00000000eab00000,0x00000000eb380000,0x00000000eb380000)
  from space 1024K, 99% used [0x00000000eb380000,0x00000000eb47dc80,0x00000000eb480000)
  to   space 1024K, 0% used [0x00000000eb480000,0x00000000eb480000,0x00000000eb580000)
 ParOldGen       total 22016K, used 1341K [0x00000000c0000000, 0x00000000c1580000, 0x00000000eab00000)
  object space 22016K, 6% used [0x00000000c0000000,0x00000000c014f4d0,0x00000000c1580000)
 Metaspace       used 5809K, capacity 6706K, committed 6784K, reserved 1056768K
  class space    used 604K, capacity 618K, committed 640K, reserved 1048576K
Event: 3.771 GC heap after
Heap after GC invocations=2 (full 0):
 PSYoungGen      total 9728K, used 1011K [0x00000000eab00000, 0x00000000ebe00000, 0x0000000100000000)
  eden space 8704K, 0% used [0x00000000eab00000,0x00000000eab00000,0x00000000eb380000)
  from space 1024K, 98% used [0x00000000eb480000,0x00000000eb57ce10,0x00000000eb580000)
  to   space 1024K, 0% used [0x00000000eb380000,0x00000000eb380000,0x00000000eb480000)
 ParOldGen       total 22016K, used 3640K [0x00000000c0000000, 0x00000000c1580000, 0x00000000eab00000)
  object space 22016K, 16% used [0x00000000c0000000,0x00000000c038e268,0x00000000c1580000)
 Metaspace       used 5809K, capacity 6706K, committed 6784K, reserved 1056768K
  class space    used 604K, capacity 618K, committed 640K, reserved 1048576K
}
Event: 4.473 GC heap before
{Heap before GC invocations=3 (full 0):
 PSYoungGen      total 9728K, used 9715K [0x00000000eab00000, 0x00000000ebe00000, 0x0000000100000000)
  eden space 8704K, 100% used [0x00000000eab00000,0x00000000eb380000,0x00000000eb380000)
  from space 1024K, 98% used [0x00000000eb480000,0x00000000eb57ce10,0x00000000eb580000)
  to   space 1024K, 0% used [0x00000000eb380000,0x00000000eb380000,0x00000000eb480000)
 ParOldGen       total 22016K, used 3640K [0x00000000c0000000, 0x00000000c1580000, 0x00000000eab00000)
  object space 22016K, 16% used [0x00000000c0000000,0x00000000c038e268,0x00000000c1580000)
 Metaspace       used 5983K, capacity 6898K, committed 7040K, reserved 1056768K
  class space    used 605K, capacity 618K, committed 640K, reserved 1048576K
Event: 4.488 GC heap after
Heap after GC invocations=3 (full 0):
 PSYoungGen      total 9728K, used 1011K [0x00000000eab00000, 0x00000000ebe00000, 0x0000000100000000)
  eden space 8704K, 0% used [0x00000000eab00000,0x00000000eab00000,0x00000000eb380000)
  from space 1024K, 98% used [0x00000000eb380000,0x00000000eb47ce10,0x00000000eb480000)
  to   space 1024K, 0% used [0x00000000ebd00000,0x00000000ebd00000,0x00000000ebe00000)
 ParOldGen       total 22016K, used 5304K [0x00000000c0000000, 0x00000000c1580000, 0x00000000eab00000)
  object space 22016K, 24% used [0x00000000c0000000,0x00000000c052e278,0x00000000c1580000)
 Metaspace       used 5983K, capacity 6898K, committed 7040K, reserved 1056768K
  class space    used 605K, capacity 618K, committed 640K, reserved 1048576K
}

Deoptimization events (4 events):
Event: 3.384 Thread 0x0000000016f9d800 Uncommon trap: reason=unstable_if action=reinterpret pc=0x0000000002ee7efc method=java.util.HashMap.getNode(ILjava/lang/Object;)Ljava/util/HashMap$Node; @ 62
Event: 3.636 Thread 0x0000000016fa9000 Uncommon trap: reason=unstable_if action=reinterpret pc=0x0000000002f554b4 method=com.android.dx.ssa.SsaMethod.getExitBlock()Lcom/android/dx/ssa/SsaBasicBlock; @ 4
Event: 3.779 Thread 0x0000000016fa9000 Uncommon trap: reason=unstable_if action=reinterpret pc=0x0000000002ef8ab0 method=java.util.BitSet.nextSetBit(I)I @ 87
Event: 4.184 Thread 0x0000000016f9c800 Uncommon trap: reason=unstable_if action=reinterpret pc=0x0000000002f8145c method=com.android.dx.rop.cst.Constant.compareTo(Lcom/android/dx/rop/cst/Constant;)I @ 12

Internal exceptions (2 events):
Event: 0.610 Thread 0x000000000299d800 Exception <a 'java/lang/NoSuchMethodError': Method sun.misc.Unsafe.defineClass(Ljava/lang/String;[BII)Ljava/lang/Class; name or signature does not match> (0x00000000eab07cc0) thrown at [C:\re\workspace\8-2-build-windows-amd64-cygwin\jdk8u91\7017\hotspot\sr¦ðDµê…ã?
Event: 0.610 Thread 0x000000000299d800 Exception <a 'java/lang/NoSuchMethodError': Method sun.misc.Unsafe.prefetchRead(Ljava/lang/Object;J)V name or signature does not match> (0x00000000eab07fa8) thrown at [C:\re\workspace\8-2-build-windows-amd64-cygwin\jdk8u91\7017\hotspot\src\share\vm\prims\j

Events (10 events):
Event: 3.779 Thread 0x0000000016fa9000 DEOPT UNPACKING pc=0x0000000002d1582a sp=0x00000000177fe768 mode 2
Event: 3.891 loading class com/android/dx/cf/code/BytecodeArray$ConstantParserVisitor
Event: 3.891 loading class com/android/dx/cf/code/BytecodeArray$ConstantParserVisitor done
Event: 4.184 Thread 0x0000000016f9c800 Uncommon trap: trap_request=0xffffff65 fr.pc=0x0000000002f8145c
Event: 4.184 Thread 0x0000000016f9c800 DEOPT PACKING pc=0x0000000002f8145c sp=0x00000000176fe700
Event: 4.184 Thread 0x0000000016f9c800 DEOPT UNPACKING pc=0x0000000002d1582a sp=0x00000000176fe6a0 mode 2
Event: 4.445 loading class com/android/dx/cf/code/SwitchList
Event: 4.446 loading class com/android/dx/cf/code/SwitchList done
Event: 4.472 Executing VM operation: ParallelGCFailedAllocation
Event: 4.488 Executing VM operation: ParallelGCFailedAllocation done


Dynamic libraries:
0x00007ff74f920000 - 0x00007ff74f957000 	C:\Program Files\Java\jdk1.8.0_91\bin\java.exe
0x00007ffcfb970000 - 0x00007ffcfbb31000 	C:\Windows\SYSTEM32\ntdll.dll
0x00007ffcfb650000 - 0x00007ffcfb6fd000 	C:\Windows\system32\KERNEL32.DLL
0x00007ffcf89b0000 - 0x00007ffcf8b98000 	C:\Windows\system32\KERNELBASE.dll
0x00007ffcfb700000 - 0x00007ffcfb7a7000 	C:\Windows\system32\ADVAPI32.dll
0x00007ffcf9d70000 - 0x00007ffcf9e0d000 	C:\Windows\system32\msvcrt.dll
0x00007ffcfb910000 - 0x00007ffcfb96b000 	C:\Windows\system32\sechost.dll
0x00007ffcf96b0000 - 0x00007ffcf97cc000 	C:\Windows\system32\RPCRT4.dll
0x00007ffcfb4f0000 - 0x00007ffcfb646000 	C:\Windows\system32\USER32.dll
0x00007ffcf8d70000 - 0x00007ffcf8ef6000 	C:\Windows\system32\GDI32.dll
0x00007ffceac40000 - 0x00007ffceaeb4000 	C:\Windows\WinSxS\amd64_microsoft.windows.common-controls_6595b64144ccf1df_6.0.10586.494_none_a2d8b04ea53e3145\COMCTL32.dll
0x00007ffcf93b0000 - 0x00007ffcf962d000 	C:\Windows\system32\combase.dll
0x00007ffcf8c50000 - 0x00007ffcf8cba000 	C:\Windows\system32\bcryptPrimitives.dll
0x00007ffcf9c00000 - 0x00007ffcf9c3b000 	C:\Windows\system32\IMM32.DLL
0x00000000508b0000 - 0x0000000050982000 	C:\Program Files\Java\jdk1.8.0_91\jre\bin\msvcr100.dll
0x0000000050010000 - 0x00000000508a3000 	C:\Program Files\Java\jdk1.8.0_91\jre\bin\server\jvm.dll
0x00007ffcfb480000 - 0x00007ffcfb488000 	C:\Windows\system32\PSAPI.DLL
0x00007ffcf1b40000 - 0x00007ffcf1b49000 	C:\Windows\SYSTEM32\WSOCK32.dll
0x00007ffcf9630000 - 0x00007ffcf969b000 	C:\Windows\system32\WS2_32.dll
0x00007ffcf61e0000 - 0x00007ffcf6203000 	C:\Windows\SYSTEM32\WINMM.dll
0x00007ffce90d0000 - 0x00007ffce90da000 	C:\Windows\SYSTEM32\VERSION.dll
0x00007ffcf6180000 - 0x00007ffcf61ac000 	C:\Windows\SYSTEM32\WINMMBASE.dll
0x00007ffcf8900000 - 0x00007ffcf8943000 	C:\Windows\system32\cfgmgr32.dll
0x0000000050000000 - 0x000000005000f000 	C:\Program Files\Java\jdk1.8.0_91\jre\bin\verify.dll
0x0000000077fd0000 - 0x0000000077ff9000 	C:\Program Files\Java\jdk1.8.0_91\jre\bin\java.dll
0x0000000077fb0000 - 0x0000000077fc6000 	C:\Program Files\Java\jdk1.8.0_91\jre\bin\zip.dll
0x00007ffcf9f20000 - 0x00007ffcfb47c000 	C:\Windows\system32\SHELL32.dll
0x00007ffcf82b0000 - 0x00007ffcf88f5000 	C:\Windows\system32\windows.storage.dll
0x00007ffcf9c40000 - 0x00007ffcf9c92000 	C:\Windows\system32\shlwapi.dll
0x00007ffcf7fc0000 - 0x00007ffcf7fcf000 	C:\Windows\system32\kernel.appcore.dll
0x00007ffcf8020000 - 0x00007ffcf80d5000 	C:\Windows\system32\shcore.dll
0x00007ffcf7fd0000 - 0x00007ffcf801b000 	C:\Windows\system32\powrprof.dll
0x00007ffcf7f90000 - 0x00007ffcf7fa4000 	C:\Windows\system32\profapi.dll

VM Arguments:
jvm_args: -Djava.awt.headless=true -Xmx1024M -Dfile.encoding=windows-1252 -Duser.country=IT -Duser.language=it -Duser.variant 
java_command: com.android.dx.command.Main --dex --force-jumbo --num-threads=4 --multi-dex --output D:\AndroidStudio\AndroidStudioWorkspace\CylinderDrive\app\build\intermediates\transforms\dex\debug\folders\1000\10\com.android.support-support-core-ui-24.2.0_d3c96539eba4c2d5bf5b72d9e5743e6fa6294739 D:\AndroidStudio\AndroidStudioWorkspace\CylinderDrive\app\build\intermediates\exploded-aar\com.android.support\support-core-ui\24.2.0\jars\classes.jar
java_class_path (initial): D:\AndroidStudio\sdk\build-tools\24.0.1\lib\dx.jar
Launcher Type: SUN_STANDARD

Environment Variables:
JAVA_HOME=C:\Program Files\Java\jdk1.8.0_91
PATH=C:\ProgramData\Oracle\Java\javapath;C:\Program Files (x86)\Intel\TXE Components\TCS\;C:\Program Files\Intel\TXE Components\TCS\;C:\Windows\system32;C:\Windows;C:\Windows\System32\Wbem;C:\Windows\System32\WindowsPowerShell\v1.0\;C:\Program Files\Intel\TXE Components\DAL\;C:\Program Files (x86)\Intel\TXE Components\DAL\;C:\Program Files\Intel\TXE Components\IPT\;C:\Program Files (x86)\Intel\TXE Components\IPT\C:\Program Files\Java\jdk1.8.0_91\bin;D:\Nodejs\;D:\MongoDb\bin\;C:\Program Files\Git\cmd;C:\Users\Massimo\AppData\Roaming\npm
USERNAME=Massimo
OS=Windows_NT
PROCESSOR_IDENTIFIER=Intel64 Family 6 Model 76 Stepping 3, GenuineIntel



---------------  S Y S T E M  ---------------

OS: Windows 10.0 , 64 bit Build 10586 (10.0.10586.0)

CPU:total 4 (4 cores per cpu, 1 threads per core) family 6 model 76 stepping 3, cmov, cx8, fxsr, mmx, sse, sse2, sse3, ssse3, sse4.1, sse4.2, popcnt, aes, clmul, erms, 3dnowpref, tsc, tscinvbit

Memory: 4k page, physical 1987284k(198296k free), swap 3064440k(5588k free)

vm_info: Java HotSpot(TM) 64-Bit Server VM (25.91-b15) for windows-amd64 JRE (1.8.0_91-b15), built on May 20 2016 17:43:15 by "java_re" with MS VC++ 10.0 (VS2010)

time: Tue Nov 22 18:57:09 2016
elapsed time: 4 seconds (0d 0h 0m 4s)

