#
# There is insufficient memory for the Java Runtime Environment to continue.
# Native memory allocation (malloc) failed to allocate 1012096 bytes for Chunk::new
# Possible reasons:
#   The system is out of physical RAM or swap space
#   In 32 bit mode, the process size limit was hit
# Possible solutions:
#   Reduce memory load on the system
#   Increase physical memory or swap space
#   Check if swap backing store is full
#   Use 64 bit Java on a 64 bit OS
#   Decrease Java heap size (-Xmx/-Xms)
#   Decrease number of Java threads
#   Decrease Java thread stack sizes (-Xss)
#   Set larger code cache with -XX:ReservedCodeCacheSize=
# This output file may be truncated or incomplete.
#
#  Out of Memory Error (allocation.cpp:390), pid=5644, tid=6496
#
# JRE version: Java(TM) SE Runtime Environment (8.0_91-b15) (build 1.8.0_91-b15)
# Java VM: Java HotSpot(TM) 64-Bit Server VM (25.91-b15 mixed mode windows-amd64 compressed oops)
# Failed to write core dump. Minidumps are not enabled by default on client versions of Windows
#

---------------  T H R E A D  ---------------

Current thread (0x0000000015148800):  JavaThread "C2 CompilerThread1" daemon [_thread_in_native, id=6496, stack(0x0000000016850000,0x0000000016950000)]

Stack: [0x0000000016850000,0x0000000016950000]
[error occurred during error reporting (printing stack bounds), id 0xc0000005]

Native frames: (J=compiled Java code, j=interpreted, Vv=VM code, C=native code)


Current CompileTask:
C2:  13524 1271       4       com.android.dx.ssa.SCCP::simulateStmt (481 bytes)


---------------  P R O C E S S  ---------------

Java Threads: ( => current thread )
  0x0000000016c47800 JavaThread "pool-2-thread-4" [_thread_in_vm, id=5844, stack(0x0000000017450000,0x0000000017550000)]
  0x0000000016c47000 JavaThread "pool-2-thread-3" [_thread_in_Java, id=5944, stack(0x0000000017350000,0x0000000017450000)]
  0x0000000016cae800 JavaThread "pool-2-thread-2" [_thread_in_Java, id=7008, stack(0x0000000017250000,0x0000000017350000)]
  0x0000000016cae000 JavaThread "pool-3-thread-1" [_thread_blocked, id=1760, stack(0x0000000017150000,0x0000000017250000)]
  0x0000000016ca9000 JavaThread "pool-2-thread-1" [_thread_in_Java, id=5048, stack(0x0000000017050000,0x0000000017150000)]
  0x000000001514e800 JavaThread "Service Thread" daemon [_thread_blocked, id=5632, stack(0x0000000016e50000,0x0000000016f50000)]
  0x000000001514b800 JavaThread "C1 CompilerThread2" daemon [_thread_blocked, id=6044, stack(0x0000000016950000,0x0000000016a50000)]
=>0x0000000015148800 JavaThread "C2 CompilerThread1" daemon [_thread_in_native, id=6496, stack(0x0000000016850000,0x0000000016950000)]
  0x00000000150ed000 JavaThread "C2 CompilerThread0" daemon [_thread_in_native, id=6836, stack(0x0000000016750000,0x0000000016850000)]
  0x00000000150eb800 JavaThread "Attach Listener" daemon [_thread_blocked, id=7132, stack(0x0000000016650000,0x0000000016750000)]
  0x00000000150ea000 JavaThread "Signal Dispatcher" daemon [_thread_blocked, id=6260, stack(0x0000000016550000,0x0000000016650000)]
  0x0000000002954800 JavaThread "Finalizer" daemon [_thread_blocked, id=6276, stack(0x0000000016350000,0x0000000016450000)]
  0x000000000294f000 JavaThread "Reference Handler" daemon [_thread_blocked, id=1504, stack(0x0000000016250000,0x0000000016350000)]
  0x0000000002a1d800 JavaThread "main" [_thread_in_vm, id=6288, stack(0x0000000002730000,0x0000000002830000)]

Other Threads:
  0x00000000150b7800 VMThread [stack: 0x0000000016150000,0x0000000016250000] [id=6252]
  0x0000000016a52800 WatcherThread [stack: 0x0000000016f50000,0x0000000017050000] [id=6740]

VM state:not at safepoint (normal execution)

VM Mutex/Monitor currently owned by a thread: None

Heap:
 PSYoungGen      total 18432K, used 6581K [0x00000000eab00000, 0x00000000ebe00000, 0x0000000100000000)
  eden space 17408K, 32% used [0x00000000eab00000,0x00000000eb0757c8,0x00000000ebc00000)
  from space 1024K, 96% used [0x00000000ebd00000,0x00000000ebdf8018,0x00000000ebe00000)
  to   space 1024K, 0% used [0x00000000ebc00000,0x00000000ebc00000,0x00000000ebd00000)
 ParOldGen       total 22016K, used 6175K [0x00000000c0000000, 0x00000000c1580000, 0x00000000eab00000)
  object space 22016K, 28% used [0x00000000c0000000,0x00000000c0607fb0,0x00000000c1580000)
 Metaspace       used 6130K, capacity 7026K, committed 7296K, reserved 1056768K
  class space    used 601K, capacity 618K, committed 640K, reserved 1048576K

Card table byte_map: [0x0000000011de0000,0x0000000011ff0000] byte_map_base: 0x00000000117e0000

Marking Bits: (ParMarkBitMap*) 0x000000005cbf2f70
 Begin Bits: [0x0000000012550000, 0x0000000013550000)
 End Bits:   [0x0000000013550000, 0x0000000014550000)

Polling page: 0x0000000000f40000

CodeCache: size=245760Kb used=5560Kb max_used=5560Kb free=240199Kb
 bounds [0x0000000002a20000, 0x0000000002fa0000, 0x0000000011a20000]
 total_blobs=1655 nmethods=1387 adapters=182
 compilation: enabled

Compilation events (10 events):
Event: 13.511 Thread 0x000000001514b800 nmethod 1393 0x0000000002f87d90 code [0x0000000002f87f00, 0x0000000002f88210]
Event: 13.512 Thread 0x000000001514b800 1394       3       com.android.dx.ssa.ConstCollector::process (14 bytes)
Event: 13.512 Thread 0x000000001514b800 nmethod 1394 0x0000000002f87850 code [0x0000000002f879c0, 0x0000000002f87c48]
Event: 13.513 Thread 0x000000001514b800 1395       3       com.android.dx.rop.code.LocalVariableExtractor::extract (14 bytes)
Event: 13.514 Thread 0x000000001514b800 nmethod 1395 0x0000000002f8f3d0 code [0x0000000002f8f540, 0x0000000002f8f738]
Event: 13.514 Thread 0x000000001514b800 1396       3       com.android.dx.rop.code.LocalVariableInfo::<init> (82 bytes)
Event: 13.516 Thread 0x000000001514b800 nmethod 1396 0x0000000002f8f810 code [0x0000000002f8fa60, 0x0000000002f907e8]
Event: 13.516 Thread 0x000000001514b800 1397       3       com.android.dx.dex.code.RopTranslator::calculateParamsAreInOrder (37 bytes)
Event: 13.518 Thread 0x000000001514b800 nmethod 1397 0x0000000002f90d90 code [0x0000000002f90f40, 0x0000000002f917d8]
Event: 13.518 Thread 0x000000001514b800 1398       3       com.android.dx.dex.code.RopTranslator$1::<init> (20 bytes)

GC Heap History (8 events):
Event: 11.192 GC heap before
{Heap before GC invocations=1 (full 0):
 PSYoungGen      total 9728K, used 8704K [0x00000000eab00000, 0x00000000eb580000, 0x0000000100000000)
  eden space 8704K, 100% used [0x00000000eab00000,0x00000000eb380000,0x00000000eb380000)
  from space 1024K, 0% used [0x00000000eb480000,0x00000000eb480000,0x00000000eb580000)
  to   space 1024K, 0% used [0x00000000eb380000,0x00000000eb380000,0x00000000eb480000)
 ParOldGen       total 22016K, used 0K [0x00000000c0000000, 0x00000000c1580000, 0x00000000eab00000)
  object space 22016K, 0% used [0x00000000c0000000,0x00000000c0000000,0x00000000c1580000)
 Metaspace       used 4286K, capacity 5392K, committed 5760K, reserved 1056768K
  class space    used 478K, capacity 520K, committed 640K, reserved 1048576K
Event: 11.204 GC heap after
Heap after GC invocations=1 (full 0):
 PSYoungGen      total 9728K, used 1015K [0x00000000eab00000, 0x00000000eb580000, 0x0000000100000000)
  eden space 8704K, 0% used [0x00000000eab00000,0x00000000eab00000,0x00000000eb380000)
  from space 1024K, 99% used [0x00000000eb380000,0x00000000eb47dc60,0x00000000eb480000)
  to   space 1024K, 0% used [0x00000000eb480000,0x00000000eb480000,0x00000000eb580000)
 ParOldGen       total 22016K, used 769K [0x00000000c0000000, 0x00000000c1580000, 0x00000000eab00000)
  object space 22016K, 3% used [0x00000000c0000000,0x00000000c00c06e8,0x00000000c1580000)
 Metaspace       used 4286K, capacity 5392K, committed 5760K, reserved 1056768K
  class space    used 478K, capacity 520K, committed 640K, reserved 1048576K
}
Event: 12.188 GC heap before
{Heap before GC invocations=2 (full 0):
 PSYoungGen      total 9728K, used 9719K [0x00000000eab00000, 0x00000000eb580000, 0x0000000100000000)
  eden space 8704K, 100% used [0x00000000eab00000,0x00000000eb380000,0x00000000eb380000)
  from space 1024K, 99% used [0x00000000eb380000,0x00000000eb47dc60,0x00000000eb480000)
  to   space 1024K, 0% used [0x00000000eb480000,0x00000000eb480000,0x00000000eb580000)
 ParOldGen       total 22016K, used 769K [0x00000000c0000000, 0x00000000c1580000, 0x00000000eab00000)
  object space 22016K, 3% used [0x00000000c0000000,0x00000000c00c06e8,0x00000000c1580000)
 Metaspace       used 5676K, capacity 6640K, committed 6784K, reserved 1056768K
  class space    used 595K, capacity 616K, committed 640K, reserved 1048576K
Event: 12.196 GC heap after
Heap after GC invocations=2 (full 0):
 PSYoungGen      total 9728K, used 992K [0x00000000eab00000, 0x00000000eb580000, 0x0000000100000000)
  eden space 8704K, 0% used [0x00000000eab00000,0x00000000eab00000,0x00000000eb380000)
  from space 1024K, 96% used [0x00000000eb480000,0x00000000eb578018,0x00000000eb580000)
  to   space 1024K, 0% used [0x00000000eb380000,0x00000000eb380000,0x00000000eb480000)
 ParOldGen       total 22016K, used 2840K [0x00000000c0000000, 0x00000000c1580000, 0x00000000eab00000)
  object space 22016K, 12% used [0x00000000c0000000,0x00000000c02c6218,0x00000000c1580000)
 Metaspace       used 5676K, capacity 6640K, committed 6784K, reserved 1056768K
  class space    used 595K, capacity 616K, committed 640K, reserved 1048576K
}
Event: 12.960 GC heap before
{Heap before GC invocations=3 (full 0):
 PSYoungGen      total 9728K, used 9696K [0x00000000eab00000, 0x00000000eb580000, 0x0000000100000000)
  eden space 8704K, 100% used [0x00000000eab00000,0x00000000eb380000,0x00000000eb380000)
  from space 1024K, 96% used [0x00000000eb480000,0x00000000eb578018,0x00000000eb580000)
  to   space 1024K, 0% used [0x00000000eb380000,0x00000000eb380000,0x00000000eb480000)
 ParOldGen       total 22016K, used 2840K [0x00000000c0000000, 0x00000000c1580000, 0x00000000eab00000)
  object space 22016K, 12% used [0x00000000c0000000,0x00000000c02c6218,0x00000000c1580000)
 Metaspace       used 5938K, capacity 6834K, committed 7040K, reserved 1056768K
  class space    used 601K, capacity 618K, committed 640K, reserved 1048576K
Event: 12.986 GC heap after
Heap after GC invocations=3 (full 0):
 PSYoungGen      total 9728K, used 1008K [0x00000000eab00000, 0x00000000ebe00000, 0x0000000100000000)
  eden space 8704K, 0% used [0x00000000eab00000,0x00000000eab00000,0x00000000eb380000)
  from space 1024K, 98% used [0x00000000eb380000,0x00000000eb47c028,0x00000000eb480000)
  to   space 1024K, 0% used [0x00000000ebd00000,0x00000000ebd00000,0x00000000ebe00000)
 ParOldGen       total 22016K, used 4392K [0x00000000c0000000, 0x00000000c1580000, 0x00000000eab00000)
  object space 22016K, 19% used [0x00000000c0000000,0x00000000c044a3f8,0x00000000c1580000)
 Metaspace       used 5938K, capacity 6834K, committed 7040K, reserved 1056768K
  class space    used 601K, capacity 618K, committed 640K, reserved 1048576K
}
Event: 13.283 GC heap before
{Heap before GC invocations=4 (full 0):
 PSYoungGen      total 9728K, used 9712K [0x00000000eab00000, 0x00000000ebe00000, 0x0000000100000000)
  eden space 8704K, 100% used [0x00000000eab00000,0x00000000eb380000,0x00000000eb380000)
  from space 1024K, 98% used [0x00000000eb380000,0x00000000eb47c028,0x00000000eb480000)
  to   space 1024K, 0% used [0x00000000ebd00000,0x00000000ebd00000,0x00000000ebe00000)
 ParOldGen       total 22016K, used 4392K [0x00000000c0000000, 0x00000000c1580000, 0x00000000eab00000)
  object space 22016K, 19% used [0x00000000c0000000,0x00000000c044a3f8,0x00000000c1580000)
 Metaspace       used 6048K, capacity 6962K, committed 7040K, reserved 1056768K
  class space    used 601K, capacity 618K, committed 640K, reserved 1048576K
Event: 13.299 GC heap after
Heap after GC invocations=4 (full 0):
 PSYoungGen      total 18432K, used 992K [0x00000000eab00000, 0x00000000ebe00000, 0x0000000100000000)
  eden space 17408K, 0% used [0x00000000eab00000,0x00000000eab00000,0x00000000ebc00000)
  from space 1024K, 96% used [0x00000000ebd00000,0x00000000ebdf8018,0x00000000ebe00000)
  to   space 1024K, 0% used [0x00000000ebc00000,0x00000000ebc00000,0x00000000ebd00000)
 ParOldGen       total 22016K, used 6175K [0x00000000c0000000, 0x00000000c1580000, 0x00000000eab00000)
  object space 22016K, 28% used [0x00000000c0000000,0x00000000c0607fb0,0x00000000c1580000)
 Metaspace       used 6048K, capacity 6962K, committed 7040K, reserved 1056768K
  class space    used 601K, capacity 618K, committed 640K, reserved 1048576K
}

Deoptimization events (10 events):
Event: 12.452 Thread 0x0000000016ca9000 Uncommon trap: reason=class_check action=maybe_recompile pc=0x0000000002d5e1ec method=com.android.dx.rop.type.Type.equals(Ljava/lang/Object;)Z @ 8
Event: 12.472 Thread 0x0000000016cae800 Uncommon trap: reason=class_check action=maybe_recompile pc=0x0000000002ce3100 method=com.android.dx.rop.type.Type.equals(Ljava/lang/Object;)Z @ 8
Event: 12.546 Thread 0x0000000016ca9000 Uncommon trap: reason=unstable_if action=reinterpret pc=0x0000000002c7d034 method=java.util.BitSet.ensureCapacity(I)V @ 6
Event: 12.562 Thread 0x0000000016ca9000 Uncommon trap: reason=unstable_if action=reinterpret pc=0x0000000002cd7a9c method=com.android.dx.rop.cst.Constant.compareTo(Lcom/android/dx/rop/cst/Constant;)I @ 12
Event: 12.576 Thread 0x0000000016c47800 Uncommon trap: reason=class_check action=maybe_recompile pc=0x0000000002c7afd4 method=com.android.dx.ssa.NormalSsaInsn.accept(Lcom/android/dx/ssa/SsaInsn$Visitor;)V @ 9
Event: 12.578 Thread 0x0000000002a1d800 Uncommon trap: reason=class_check action=maybe_recompile pc=0x0000000002c7afd4 method=com.android.dx.ssa.NormalSsaInsn.accept(Lcom/android/dx/ssa/SsaInsn$Visitor;)V @ 9
Event: 12.579 Thread 0x0000000002a1d800 Uncommon trap: reason=class_check action=maybe_recompile pc=0x0000000002c7afd4 method=com.android.dx.ssa.NormalSsaInsn.accept(Lcom/android/dx/ssa/SsaInsn$Visitor;)V @ 9
Event: 12.582 Thread 0x0000000002a1d800 Uncommon trap: reason=class_check action=maybe_recompile pc=0x0000000002c63b70 method=com.android.dx.ssa.NormalSsaInsn.accept(Lcom/android/dx/ssa/SsaInsn$Visitor;)V @ 9
Event: 13.278 Thread 0x0000000016ca9000 Uncommon trap: reason=null_check action=make_not_entrant pc=0x0000000002e4f22c method=com.android.dx.ssa.SsaRenamer.getLocalForNewReg(I)Lcom/android/dx/rop/code/LocalItem; @ 19
Event: 13.280 Thread 0x0000000016ca9000 Uncommon trap: reason=null_check action=make_not_entrant pc=0x0000000002e71bc0 method=com.android.dx.ssa.SsaRenamer.getLocalForNewReg(I)Lcom/android/dx/rop/code/LocalItem; @ 19

Internal exceptions (4 events):
Event: 0.416 Thread 0x0000000002a1d800 Exception <a 'java/lang/NoSuchMethodError': Method sun.misc.Unsafe.defineClass(Ljava/lang/String;[BII)Ljava/lang/Class; name or signature does not match> (0x00000000eab07cc0) thrown at [C:\re\workspace\8-2-build-windows-amd64-cygwin\jdk8u91\7017\hotspot\sr¹šù–(¥Ú?
Event: 0.416 Thread 0x0000000002a1d800 Exception <a 'java/lang/NoSuchMethodError': Method sun.misc.Unsafe.prefetchRead(Ljava/lang/Object;J)V name or signature does not match> (0x00000000eab07fa8) thrown at [C:\re\workspace\8-2-build-windows-amd64-cygwin\jdk8u91\7017\hotspot\src\share\vm\prims\jƒ0¤hŽ*@
Event: 13.278 Thread 0x0000000016ca9000 Implicit null exception at 0x0000000002e4d489 to 0x0000000002e4f1f1
Event: 13.280 Thread 0x0000000016ca9000 Implicit null exception at 0x0000000002e6fc05 to 0x0000000002e71b99

Events (10 events):
Event: 12.956 Executing VM operation: ParallelGCFailedAllocation
Event: 12.986 Executing VM operation: ParallelGCFailedAllocation done
Event: 13.278 Thread 0x0000000016ca9000 Uncommon trap: trap_request=0xfffffff4 fr.pc=0x0000000002e4f22c
Event: 13.278 Thread 0x0000000016ca9000 DEOPT PACKING pc=0x0000000002e4f22c sp=0x000000001714e930
Event: 13.278 Thread 0x0000000016ca9000 DEOPT UNPACKING pc=0x0000000002a6582a sp=0x000000001714e798 mode 2
Event: 13.280 Thread 0x0000000016ca9000 Uncommon trap: trap_request=0xfffffff4 fr.pc=0x0000000002e71bc0
Event: 13.280 Thread 0x0000000016ca9000 DEOPT PACKING pc=0x0000000002e71bc0 sp=0x000000001714e8c0
Event: 13.280 Thread 0x0000000016ca9000 DEOPT UNPACKING pc=0x0000000002a6582a sp=0x000000001714e788 mode 2
Event: 13.282 Executing VM operation: ParallelGCFailedAllocation
Event: 13.299 Executing VM operation: ParallelGCFailedAllocation done


Dynamic libraries:
0x00007ff72b010000 - 0x00007ff72b047000 	C:\Program Files\Java\jdk1.8.0_91\bin\java.exe
0x00007ffeba190000 - 0x00007ffeba351000 	C:\Windows\SYSTEM32\ntdll.dll
0x00007ffeb9280000 - 0x00007ffeb932d000 	C:\Windows\system32\KERNEL32.DLL
0x00007ffeb6840000 - 0x00007ffeb6a28000 	C:\Windows\system32\KERNELBASE.dll
0x00007ffeb9780000 - 0x00007ffeb9827000 	C:\Windows\system32\ADVAPI32.dll
0x00007ffeb8fe0000 - 0x00007ffeb907d000 	C:\Windows\system32\msvcrt.dll
0x00007ffeba010000 - 0x00007ffeba06b000 	C:\Windows\system32\sechost.dll
0x00007ffeb9e10000 - 0x00007ffeb9f2c000 	C:\Windows\system32\RPCRT4.dll
0x00007ffeb7600000 - 0x00007ffeb7756000 	C:\Windows\system32\USER32.dll
0x00007ffeb8cc0000 - 0x00007ffeb8e46000 	C:\Windows\system32\GDI32.dll
0x00007ffea9460000 - 0x00007ffea96d4000 	C:\Windows\WinSxS\amd64_microsoft.windows.common-controls_6595b64144ccf1df_6.0.10586.494_none_a2d8b04ea53e3145\COMCTL32.dll
0x00007ffeb99e0000 - 0x00007ffeb9c5d000 	C:\Windows\system32\combase.dll
0x00007ffeb7470000 - 0x00007ffeb74da000 	C:\Windows\system32\bcryptPrimitives.dll
0x00007ffeb9240000 - 0x00007ffeb927b000 	C:\Windows\system32\IMM32.DLL
0x000000005cc80000 - 0x000000005cd52000 	C:\Program Files\Java\jdk1.8.0_91\jre\bin\msvcr100.dll
0x000000005c3e0000 - 0x000000005cc73000 	C:\Program Files\Java\jdk1.8.0_91\jre\bin\server\jvm.dll
0x00007ffeb8f60000 - 0x00007ffeb8f68000 	C:\Windows\system32\PSAPI.DLL
0x00007ffeb00f0000 - 0x00007ffeb00f9000 	C:\Windows\SYSTEM32\WSOCK32.dll
0x00007ffeb8f70000 - 0x00007ffeb8fdb000 	C:\Windows\system32\WS2_32.dll
0x00007ffeb4da0000 - 0x00007ffeb4dc3000 	C:\Windows\SYSTEM32\WINMM.dll
0x00007ffea7450000 - 0x00007ffea745a000 	C:\Windows\SYSTEM32\VERSION.dll
0x00007ffeb4b80000 - 0x00007ffeb4bac000 	C:\Windows\SYSTEM32\WINMMBASE.dll
0x00007ffeb6c00000 - 0x00007ffeb6c43000 	C:\Windows\system32\cfgmgr32.dll
0x000000005d870000 - 0x000000005d87f000 	C:\Program Files\Java\jdk1.8.0_91\jre\bin\verify.dll
0x000000005d840000 - 0x000000005d869000 	C:\Program Files\Java\jdk1.8.0_91\jre\bin\java.dll
0x000000005c3c0000 - 0x000000005c3d6000 	C:\Program Files\Java\jdk1.8.0_91\jre\bin\zip.dll
0x00007ffeb7760000 - 0x00007ffeb8cbc000 	C:\Windows\system32\SHELL32.dll
0x00007ffeb6c50000 - 0x00007ffeb7295000 	C:\Windows\system32\windows.storage.dll
0x00007ffeb91e0000 - 0x00007ffeb9232000 	C:\Windows\system32\shlwapi.dll
0x00007ffeb6830000 - 0x00007ffeb683f000 	C:\Windows\system32\kernel.appcore.dll
0x00007ffeb6b20000 - 0x00007ffeb6bd5000 	C:\Windows\system32\shcore.dll
0x00007ffeb67d0000 - 0x00007ffeb681b000 	C:\Windows\system32\powrprof.dll
0x00007ffeb67b0000 - 0x00007ffeb67c4000 	C:\Windows\system32\profapi.dll

VM Arguments:
jvm_args: -Djava.awt.headless=true -Xmx1024M -Dfile.encoding=windows-1252 -Duser.country=IT -Duser.language=it -Duser.variant 
java_command: com.android.dx.command.Main --dex --force-jumbo --num-threads=4 --multi-dex --output D:\AndroidStudio\AndroidStudioWorkspace\CylinderDrive\app\build\intermediates\transforms\dex\debug\folders\1000\10\internal_impl-24.2.0_232a7a9c7a012b283ac0c36105397d7661da605b D:\AndroidStudio\AndroidStudioWorkspace\CylinderDrive\app\build\intermediates\exploded-aar\com.android.support\support-compat\24.2.0\jars\libs\internal_impl-24.2.0.jar
java_class_path (initial): D:\AndroidStudio\sdk\build-tools\24.0.1\lib\dx.jar
Launcher Type: SUN_STANDARD

Environment Variables:
JAVA_HOME=C:\Program Files\Java\jdk1.8.0_91
PATH=C:\ProgramData\Oracle\Java\javapath;C:\Program Files (x86)\Intel\TXE Components\TCS\;C:\Program Files\Intel\TXE Components\TCS\;C:\Windows\system32;C:\Windows;C:\Windows\System32\Wbem;C:\Windows\System32\WindowsPowerShell\v1.0\;C:\Program Files\Intel\TXE Components\DAL\;C:\Program Files (x86)\Intel\TXE Components\DAL\;C:\Program Files\Intel\TXE Components\IPT\;C:\Program Files (x86)\Intel\TXE Components\IPT\C:\Program Files\Java\jdk1.8.0_91\bin;D:\Nodejs\;D:\MongoDb\bin\;C:\Program Files\Git\cmd;C:\Users\Massimo\AppData\Roaming\npm
USERNAME=Massimo
OS=Windows_NT
PROCESSOR_IDENTIFIER=Intel64 Family 6 Model 76 Stepping 3, GenuineIntel



---------------  S Y S T E M  ---------------

OS: Windows 10.0 , 64 bit Build 10586 (10.0.10586.0)

CPU:total 4 (4 cores per cpu, 1 threads per core) family 6 model 76 stepping 3, cmov, cx8, fxsr, mmx, sse, sse2, sse3, ssse3, sse4.1, sse4.2, popcnt, aes, clmul, erms, 3dnowpref, tsc, tscinvbit

Memory: 4k page, physical 1987284k(258368k free), swap 3002420k(6036k free)

vm_info: Java HotSpot(TM) 64-Bit Server VM (25.91-b15) for windows-amd64 JRE (1.8.0_91-b15), built on May 20 2016 17:43:15 by "java_re" with MS VC++ 10.0 (VS2010)

time: Mon Nov 21 22:08:10 2016
elapsed time: 13 seconds (0d 0h 0m 13s)

