#
# There is insufficient memory for the Java Runtime Environment to continue.
# Native memory allocation (malloc) failed to allocate 1114736 bytes for Chunk::new
# Possible reasons:
#   The system is out of physical RAM or swap space
#   In 32 bit mode, the process size limit was hit
# Possible solutions:
#   Reduce memory load on the system
#   Increase physical memory or swap space
#   Check if swap backing store is full
#   Use 64 bit Java on a 64 bit OS
#   Decrease Java heap size (-Xmx/-Xms)
#   Decrease number of Java threads
#   Decrease Java thread stack sizes (-Xss)
#   Set larger code cache with -XX:ReservedCodeCacheSize=
# This output file may be truncated or incomplete.
#
#  Out of Memory Error (allocation.cpp:390), pid=1168, tid=4080
#
# JRE version: Java(TM) SE Runtime Environment (8.0_91-b15) (build 1.8.0_91-b15)
# Java VM: Java HotSpot(TM) 64-Bit Server VM (25.91-b15 mixed mode windows-amd64 compressed oops)
# Failed to write core dump. Minidumps are not enabled by default on client versions of Windows
#

---------------  T H R E A D  ---------------

Current thread (0x00000000157cc000):  JavaThread "C2 CompilerThread0" daemon [_thread_in_native, id=4080, stack(0x0000000016f30000,0x0000000017030000)]

Stack: [0x0000000016f30000,0x0000000017030000]
[error occurred during error reporting (printing stack bounds), id 0xc0000005]

Native frames: (J=compiled Java code, j=interpreted, Vv=VM code, C=native code)


Current CompileTask:
C2:  11996 1530       4       com.android.dx.ssa.SCCP::simulateBlock (54 bytes)


---------------  P R O C E S S  ---------------

Java Threads: ( => current thread )
  0x0000000017489000 JavaThread "pool-2-thread-4" [_thread_in_Java, id=4848, stack(0x0000000017c30000,0x0000000017d30000)]
  0x00000000173d0800 JavaThread "pool-3-thread-1" [_thread_blocked, id=4800, stack(0x0000000017930000,0x0000000017a30000)]
  0x000000001723d800 JavaThread "Service Thread" daemon [_thread_blocked, id=3004, stack(0x0000000017630000,0x0000000017730000)]
  0x000000001582e000 JavaThread "C1 CompilerThread2" daemon [_thread_blocked, id=4472, stack(0x0000000017130000,0x0000000017230000)]
  0x0000000015827800 JavaThread "C2 CompilerThread1" daemon [_thread_in_native, id=5252, stack(0x0000000017030000,0x0000000017130000)]
=>0x00000000157cc000 JavaThread "C2 CompilerThread0" daemon [_thread_in_native, id=4080, stack(0x0000000016f30000,0x0000000017030000)]
  0x00000000157ca800 JavaThread "Attach Listener" daemon [_thread_blocked, id=3572, stack(0x0000000016e30000,0x0000000016f30000)]
  0x00000000157c9800 JavaThread "Signal Dispatcher" daemon [_thread_blocked, id=4668, stack(0x0000000016d30000,0x0000000016e30000)]
  0x00000000157ba000 JavaThread "Finalizer" daemon [_thread_blocked, id=3200, stack(0x0000000016a30000,0x0000000016b30000)]
  0x0000000015798800 JavaThread "Reference Handler" daemon [_thread_blocked, id=3464, stack(0x0000000016930000,0x0000000016a30000)]
  0x0000000002ffd800 JavaThread "main" [_thread_blocked, id=7148, stack(0x0000000002e60000,0x0000000002f60000)]

Other Threads:
  0x0000000015796800 VMThread [stack: 0x0000000016830000,0x0000000016930000] [id=2992]
  0x0000000017235800 WatcherThread [stack: 0x0000000017730000,0x0000000017830000] [id=6676]

VM state:not at safepoint (normal execution)

VM Mutex/Monitor currently owned by a thread: None

Heap:
 PSYoungGen      total 35840K, used 3977K [0x00000000eab00000, 0x00000000ecf00000, 0x0000000100000000)
  eden space 34816K, 8% used [0x00000000eab00000,0x00000000eade3e20,0x00000000ecd00000)
  from space 1024K, 99% used [0x00000000ecd00000,0x00000000ecdfe708,0x00000000ece00000)
  to   space 1024K, 0% used [0x00000000ece00000,0x00000000ece00000,0x00000000ecf00000)
 ParOldGen       total 22016K, used 14979K [0x00000000c0000000, 0x00000000c1580000, 0x00000000eab00000)
  object space 22016K, 68% used [0x00000000c0000000,0x00000000c0ea0f18,0x00000000c1580000)
 Metaspace       used 6223K, capacity 7092K, committed 7296K, reserved 1056768K
  class space    used 607K, capacity 620K, committed 640K, reserved 1048576K

Card table byte_map: [0x00000000124c0000,0x00000000126d0000] byte_map_base: 0x0000000011ec0000

Marking Bits: (ParMarkBitMap*) 0x000000005cbf2f70
 Begin Bits: [0x0000000012c30000, 0x0000000013c30000)
 End Bits:   [0x0000000013c30000, 0x0000000014c30000)

Polling page: 0x00000000012e0000

CodeCache: size=245760Kb used=6918Kb max_used=6931Kb free=238841Kb
 bounds [0x0000000003100000, 0x00000000037d0000, 0x0000000012100000]
 total_blobs=1863 nmethods=1595 adapters=182
 compilation: enabled

Compilation events (10 events):
Event: 11.852 Thread 0x000000001582e000 1613       2       java.util.TreeMap::entrySet (27 bytes)
Event: 11.853 Thread 0x000000001582e000 nmethod 1613 0x00000000037b4310 code [0x00000000037b4460, 0x00000000037b4630]
Event: 11.853 Thread 0x000000001582e000 1614       2       java.util.TreeMap$EntrySet::iterator (19 bytes)
Event: 11.854 Thread 0x000000001582e000 nmethod 1614 0x00000000037b3dd0 code [0x00000000037b3f40, 0x00000000037b41b0]
Event: 11.903 Thread 0x000000001582e000 1615       2       com.android.dx.rop.code.Rops::opInvokeStatic (17 bytes)
Event: 11.904 Thread 0x000000001582e000 nmethod 1615 0x00000000037b3890 code [0x00000000037b3a00, 0x00000000037b3c18]
Event: 11.949 Thread 0x0000000015827800 nmethod 1605 0x00000000037c8ed0 code [0x00000000037c9080, 0x00000000037c9968]
Event: 11.949 Thread 0x0000000015827800 1571       4       com.android.dx.util.IntList::mutableCopy (39 bytes)
Event: 11.974 Thread 0x0000000015827800 nmethod 1571 0x00000000037c1850 code [0x00000000037c19c0, 0x00000000037c1f78]
Event: 11.974 Thread 0x0000000015827800 1595       4       com.android.dx.rop.code.RegisterSpecSet::intersect (117 bytes)

GC Heap History (10 events):
Event: 4.487 GC heap before
{Heap before GC invocations=1 (full 0):
 PSYoungGen      total 9728K, used 8704K [0x00000000eab00000, 0x00000000eb580000, 0x0000000100000000)
  eden space 8704K, 100% used [0x00000000eab00000,0x00000000eb380000,0x00000000eb380000)
  from space 1024K, 0% used [0x00000000eb480000,0x00000000eb480000,0x00000000eb580000)
  to   space 1024K, 0% used [0x00000000eb380000,0x00000000eb380000,0x00000000eb480000)
 ParOldGen       total 22016K, used 0K [0x00000000c0000000, 0x00000000c1580000, 0x00000000eab00000)
  object space 22016K, 0% used [0x00000000c0000000,0x00000000c0000000,0x00000000c1580000)
 Metaspace       used 5145K, capacity 6160K, committed 6272K, reserved 1056768K
  class space    used 561K, capacity 584K, committed 640K, reserved 1048576K
Event: 4.572 GC heap after
Heap after GC invocations=1 (full 0):
 PSYoungGen      total 9728K, used 1006K [0x00000000eab00000, 0x00000000ebe00000, 0x0000000100000000)
  eden space 8704K, 0% used [0x00000000eab00000,0x00000000eab00000,0x00000000eb380000)
  from space 1024K, 98% used [0x00000000eb380000,0x00000000eb47b908,0x00000000eb480000)
  to   space 1024K, 0% used [0x00000000ebd00000,0x00000000ebd00000,0x00000000ebe00000)
 ParOldGen       total 22016K, used 1983K [0x00000000c0000000, 0x00000000c1580000, 0x00000000eab00000)
  object space 22016K, 9% used [0x00000000c0000000,0x00000000c01efcd8,0x00000000c1580000)
 Metaspace       used 5145K, capacity 6160K, committed 6272K, reserved 1056768K
  class space    used 561K, capacity 584K, committed 640K, reserved 1048576K
}
Event: 7.320 GC heap before
{Heap before GC invocations=2 (full 0):
 PSYoungGen      total 9728K, used 9710K [0x00000000eab00000, 0x00000000ebe00000, 0x0000000100000000)
  eden space 8704K, 100% used [0x00000000eab00000,0x00000000eb380000,0x00000000eb380000)
  from space 1024K, 98% used [0x00000000eb380000,0x00000000eb47b908,0x00000000eb480000)
  to   space 1024K, 0% used [0x00000000ebd00000,0x00000000ebd00000,0x00000000ebe00000)
 ParOldGen       total 22016K, used 1983K [0x00000000c0000000, 0x00000000c1580000, 0x00000000eab00000)
  object space 22016K, 9% used [0x00000000c0000000,0x00000000c01efcd8,0x00000000c1580000)
 Metaspace       used 5936K, capacity 6834K, committed 7040K, reserved 1056768K
  class space    used 605K, capacity 618K, committed 640K, reserved 1048576K
Event: 7.411 GC heap after
Heap after GC invocations=2 (full 0):
 PSYoungGen      total 18432K, used 1011K [0x00000000eab00000, 0x00000000ebe00000, 0x0000000100000000)
  eden space 17408K, 0% used [0x00000000eab00000,0x00000000eab00000,0x00000000ebc00000)
  from space 1024K, 98% used [0x00000000ebd00000,0x00000000ebdfce88,0x00000000ebe00000)
  to   space 1024K, 0% used [0x00000000ebc00000,0x00000000ebc00000,0x00000000ebd00000)
 ParOldGen       total 22016K, used 4049K [0x00000000c0000000, 0x00000000c1580000, 0x00000000eab00000)
  object space 22016K, 18% used [0x00000000c0000000,0x00000000c03f4660,0x00000000c1580000)
 Metaspace       used 5936K, capacity 6834K, committed 7040K, reserved 1056768K
  class space    used 605K, capacity 618K, committed 640K, reserved 1048576K
}
Event: 9.019 GC heap before
{Heap before GC invocations=3 (full 0):
 PSYoungGen      total 18432K, used 18419K [0x00000000eab00000, 0x00000000ebe00000, 0x0000000100000000)
  eden space 17408K, 100% used [0x00000000eab00000,0x00000000ebc00000,0x00000000ebc00000)
  from space 1024K, 98% used [0x00000000ebd00000,0x00000000ebdfce88,0x00000000ebe00000)
  to   space 1024K, 0% used [0x00000000ebc00000,0x00000000ebc00000,0x00000000ebd00000)
 ParOldGen       total 22016K, used 4049K [0x00000000c0000000, 0x00000000c1580000, 0x00000000eab00000)
  object space 22016K, 18% used [0x00000000c0000000,0x00000000c03f4660,0x00000000c1580000)
 Metaspace       used 6108K, capacity 7026K, committed 7296K, reserved 1056768K
  class space    used 605K, capacity 618K, committed 640K, reserved 1048576K
Event: 9.058 GC heap after
Heap after GC invocations=3 (full 0):
 PSYoungGen      total 18432K, used 1017K [0x00000000eab00000, 0x00000000ecf00000, 0x0000000100000000)
  eden space 17408K, 0% used [0x00000000eab00000,0x00000000eab00000,0x00000000ebc00000)
  from space 1024K, 99% used [0x00000000ebc00000,0x00000000ebcfe708,0x00000000ebd00000)
  to   space 1024K, 0% used [0x00000000ece00000,0x00000000ece00000,0x00000000ecf00000)
 ParOldGen       total 22016K, used 7400K [0x00000000c0000000, 0x00000000c1580000, 0x00000000eab00000)
  object space 22016K, 33% used [0x00000000c0000000,0x00000000c073a098,0x00000000c1580000)
 Metaspace       used 6108K, capacity 7026K, committed 7296K, reserved 1056768K
  class space    used 605K, capacity 618K, committed 640K, reserved 1048576K
}
Event: 10.346 GC heap before
{Heap before GC invocations=4 (full 0):
 PSYoungGen      total 18432K, used 18425K [0x00000000eab00000, 0x00000000ecf00000, 0x0000000100000000)
  eden space 17408K, 100% used [0x00000000eab00000,0x00000000ebc00000,0x00000000ebc00000)
  from space 1024K, 99% used [0x00000000ebc00000,0x00000000ebcfe708,0x00000000ebd00000)
  to   space 1024K, 0% used [0x00000000ece00000,0x00000000ece00000,0x00000000ecf00000)
 ParOldGen       total 22016K, used 7400K [0x00000000c0000000, 0x00000000c1580000, 0x00000000eab00000)
  object space 22016K, 33% used [0x00000000c0000000,0x00000000c073a098,0x00000000c1580000)
 Metaspace       used 6167K, capacity 7026K, committed 7296K, reserved 1056768K
  class space    used 605K, capacity 618K, committed 640K, reserved 1048576K
Event: 10.406 GC heap after
Heap after GC invocations=4 (full 0):
 PSYoungGen      total 35840K, used 995K [0x00000000eab00000, 0x00000000ecf00000, 0x0000000100000000)
  eden space 34816K, 0% used [0x00000000eab00000,0x00000000eab00000,0x00000000ecd00000)
  from space 1024K, 97% used [0x00000000ece00000,0x00000000ecef8e78,0x00000000ecf00000)
  to   space 1024K, 0% used [0x00000000ecd00000,0x00000000ecd00000,0x00000000ece00000)
 ParOldGen       total 22016K, used 10257K [0x00000000c0000000, 0x00000000c1580000, 0x00000000eab00000)
  object space 22016K, 46% used [0x00000000c0000000,0x00000000c0a044c8,0x00000000c1580000)
 Metaspace       used 6167K, capacity 7026K, committed 7296K, reserved 1056768K
  class space    used 605K, capacity 618K, committed 640K, reserved 1048576K
}
Event: 11.865 GC heap before
{Heap before GC invocations=5 (full 0):
 PSYoungGen      total 35840K, used 35811K [0x00000000eab00000, 0x00000000ecf00000, 0x0000000100000000)
  eden space 34816K, 100% used [0x00000000eab00000,0x00000000ecd00000,0x00000000ecd00000)
  from space 1024K, 97% used [0x00000000ece00000,0x00000000ecef8e78,0x00000000ecf00000)
  to   space 1024K, 0% used [0x00000000ecd00000,0x00000000ecd00000,0x00000000ece00000)
 ParOldGen       total 22016K, used 10257K [0x00000000c0000000, 0x00000000c1580000, 0x00000000eab00000)
  object space 22016K, 46% used [0x00000000c0000000,0x00000000c0a044c8,0x00000000c1580000)
 Metaspace       used 6223K, capacity 7092K, committed 7296K, reserved 1056768K
  class space    used 607K, capacity 620K, committed 640K, reserved 1048576K
Event: 11.901 GC heap after
Heap after GC invocations=5 (full 0):
 PSYoungGen      total 35840K, used 1017K [0x00000000eab00000, 0x00000000ecf00000, 0x0000000100000000)
  eden space 34816K, 0% used [0x00000000eab00000,0x00000000eab00000,0x00000000ecd00000)
  from space 1024K, 99% used [0x00000000ecd00000,0x00000000ecdfe708,0x00000000ece00000)
  to   space 1024K, 0% used [0x00000000ece00000,0x00000000ece00000,0x00000000ecf00000)
 ParOldGen       total 22016K, used 14979K [0x00000000c0000000, 0x00000000c1580000, 0x00000000eab00000)
  object space 22016K, 68% used [0x00000000c0000000,0x00000000c0ea0f18,0x00000000c1580000)
 Metaspace       used 6223K, capacity 7092K, committed 7296K, reserved 1056768K
  class space    used 607K, capacity 620K, committed 640K, reserved 1048576K
}

Deoptimization events (10 events):
Event: 10.104 Thread 0x0000000002ffd800 Uncommon trap: reason=bimorphic action=maybe_recompile pc=0x000000000351481c method=java.util.HashMap.getNode(ILjava/lang/Object;)Ljava/util/HashMap$Node; @ 126
Event: 10.104 Thread 0x0000000002ffd800 Uncommon trap: reason=class_check action=maybe_recompile pc=0x00000000035cb594 method=java.util.HashMap.putVal(ILjava/lang/Object;Ljava/lang/Object;ZZ)Ljava/lang/Object; @ 203
Event: 10.104 Thread 0x0000000002ffd800 Uncommon trap: reason=bimorphic action=maybe_recompile pc=0x000000000351481c method=java.util.HashMap.getNode(ILjava/lang/Object;)Ljava/util/HashMap$Node; @ 126
Event: 10.104 Thread 0x0000000002ffd800 Uncommon trap: reason=bimorphic action=maybe_recompile pc=0x000000000351481c method=java.util.HashMap.getNode(ILjava/lang/Object;)Ljava/util/HashMap$Node; @ 126
Event: 10.104 Thread 0x0000000002ffd800 Uncommon trap: reason=class_check action=maybe_recompile pc=0x00000000035c8368 method=java.util.HashMap.putVal(ILjava/lang/Object;Ljava/lang/Object;ZZ)Ljava/lang/Object; @ 203
Event: 10.226 Thread 0x0000000017487800 Uncommon trap: reason=null_check action=make_not_entrant pc=0x000000000355a2c4 method=com.android.dx.ssa.SsaRenamer.getLocalForNewReg(I)Lcom/android/dx/rop/code/LocalItem; @ 19
Event: 10.309 Thread 0x0000000017488800 Uncommon trap: reason=unstable_if action=reinterpret pc=0x00000000034f23ec method=com.android.dx.rop.code.RegisterSpecSet.put(Lcom/android/dx/rop/code/RegisterSpec;)V @ 77
Event: 10.309 Thread 0x0000000017488800 Uncommon trap: reason=unstable_if action=reinterpret pc=0x0000000003555624 method=com.android.dx.rop.code.RegisterSpecSet.put(Lcom/android/dx/rop/code/RegisterSpec;)V @ 77
Event: 10.310 Thread 0x0000000017488800 Uncommon trap: reason=unstable_if action=reinterpret pc=0x00000000036feaf8 method=com.android.dx.rop.code.RegisterSpecSet.put(Lcom/android/dx/rop/code/RegisterSpec;)V @ 77
Event: 11.070 Thread 0x0000000017488800 Uncommon trap: reason=unstable_if action=reinterpret pc=0x00000000037601dc method=com.android.dx.rop.code.RegisterSpec.equals(ILcom/android/dx/rop/type/TypeBearer;Lcom/android/dx/rop/code/LocalItem;)Z @ 42

Internal exceptions (3 events):
Event: 0.208 Thread 0x0000000002ffd800 Exception <a 'java/lang/NoSuchMethodError': Method sun.misc.Unsafe.defineClass(Ljava/lang/String;[BII)Ljava/lang/Class; name or signature does not match> (0x00000000eab07cc0) thrown at [C:\re\workspace\8-2-build-windows-amd64-cygwin\jdk8u91\7017\hotspot\srEA,Ü¯Ê?
Event: 0.208 Thread 0x0000000002ffd800 Exception <a 'java/lang/NoSuchMethodError': Method sun.misc.Unsafe.prefetchRead(Ljava/lang/Object;J)V name or signature does not match> (0x00000000eab07fa8) thrown at [C:\re\workspace\8-2-build-windows-amd64-cygwin\jdk8u91\7017\hotspot\src\share\vm\prims\jXìµ¶s$@
Event: 10.226 Thread 0x0000000017487800 Implicit null exception at 0x00000000035595c4 to 0x000000000355a291

Events (10 events):
Event: 11.070 Thread 0x0000000017488800 DEOPT UNPACKING pc=0x000000000314582a sp=0x0000000017c2ec48 mode 2
Event: 11.635 loading class java/util/HashMap$KeySet
Event: 11.635 loading class java/util/HashMap$KeySet done
Event: 11.635 loading class java/util/HashMap$KeyIterator
Event: 11.636 loading class java/util/HashMap$KeyIterator done
Event: 11.638 Thread 0x0000000017487800 Thread exited: 0x0000000017487800
Event: 11.639 Thread 0x00000000173d0000 Thread exited: 0x00000000173d0000
Event: 11.845 Thread 0x0000000017488800 Thread exited: 0x0000000017488800
Event: 11.864 Executing VM operation: ParallelGCFailedAllocation
Event: 11.901 Executing VM operation: ParallelGCFailedAllocation done


Dynamic libraries:
0x00007ff72b010000 - 0x00007ff72b047000 	C:\Program Files\Java\jdk1.8.0_91\bin\java.exe
0x00007ffeba190000 - 0x00007ffeba351000 	C:\Windows\SYSTEM32\ntdll.dll
0x00007ffeb9280000 - 0x00007ffeb932d000 	C:\Windows\system32\KERNEL32.DLL
0x00007ffeb6840000 - 0x00007ffeb6a28000 	C:\Windows\system32\KERNELBASE.dll
0x00007ffeb9780000 - 0x00007ffeb9827000 	C:\Windows\system32\ADVAPI32.dll
0x00007ffeb8fe0000 - 0x00007ffeb907d000 	C:\Windows\system32\msvcrt.dll
0x00007ffeba010000 - 0x00007ffeba06b000 	C:\Windows\system32\sechost.dll
0x00007ffeb9e10000 - 0x00007ffeb9f2c000 	C:\Windows\system32\RPCRT4.dll
0x00007ffeb7600000 - 0x00007ffeb7756000 	C:\Windows\system32\USER32.dll
0x00007ffeb8cc0000 - 0x00007ffeb8e46000 	C:\Windows\system32\GDI32.dll
0x00007ffea9460000 - 0x00007ffea96d4000 	C:\Windows\WinSxS\amd64_microsoft.windows.common-controls_6595b64144ccf1df_6.0.10586.494_none_a2d8b04ea53e3145\COMCTL32.dll
0x00007ffeb99e0000 - 0x00007ffeb9c5d000 	C:\Windows\system32\combase.dll
0x00007ffeb7470000 - 0x00007ffeb74da000 	C:\Windows\system32\bcryptPrimitives.dll
0x00007ffeb9240000 - 0x00007ffeb927b000 	C:\Windows\system32\IMM32.DLL
0x000000005cc80000 - 0x000000005cd52000 	C:\Program Files\Java\jdk1.8.0_91\jre\bin\msvcr100.dll
0x000000005c3e0000 - 0x000000005cc73000 	C:\Program Files\Java\jdk1.8.0_91\jre\bin\server\jvm.dll
0x00007ffeb8f60000 - 0x00007ffeb8f68000 	C:\Windows\system32\PSAPI.DLL
0x00007ffeb00f0000 - 0x00007ffeb00f9000 	C:\Windows\SYSTEM32\WSOCK32.dll
0x00007ffeb8f70000 - 0x00007ffeb8fdb000 	C:\Windows\system32\WS2_32.dll
0x00007ffeb4da0000 - 0x00007ffeb4dc3000 	C:\Windows\SYSTEM32\WINMM.dll
0x00007ffea7450000 - 0x00007ffea745a000 	C:\Windows\SYSTEM32\VERSION.dll
0x00007ffeb4b80000 - 0x00007ffeb4bac000 	C:\Windows\SYSTEM32\WINMMBASE.dll
0x00007ffeb6c00000 - 0x00007ffeb6c43000 	C:\Windows\system32\cfgmgr32.dll
0x000000005d870000 - 0x000000005d87f000 	C:\Program Files\Java\jdk1.8.0_91\jre\bin\verify.dll
0x000000005d840000 - 0x000000005d869000 	C:\Program Files\Java\jdk1.8.0_91\jre\bin\java.dll
0x000000005c3c0000 - 0x000000005c3d6000 	C:\Program Files\Java\jdk1.8.0_91\jre\bin\zip.dll
0x00007ffeb7760000 - 0x00007ffeb8cbc000 	C:\Windows\system32\SHELL32.dll
0x00007ffeb6c50000 - 0x00007ffeb7295000 	C:\Windows\system32\windows.storage.dll
0x00007ffeb91e0000 - 0x00007ffeb9232000 	C:\Windows\system32\shlwapi.dll
0x00007ffeb6830000 - 0x00007ffeb683f000 	C:\Windows\system32\kernel.appcore.dll
0x00007ffeb6b20000 - 0x00007ffeb6bd5000 	C:\Windows\system32\shcore.dll
0x00007ffeb67d0000 - 0x00007ffeb681b000 	C:\Windows\system32\powrprof.dll
0x00007ffeb67b0000 - 0x00007ffeb67c4000 	C:\Windows\system32\profapi.dll

VM Arguments:
jvm_args: -Djava.awt.headless=true -Xmx1024M -Dfile.encoding=windows-1252 -Duser.country=IT -Duser.language=it -Duser.variant 
java_command: com.android.dx.command.Main --dex --force-jumbo --num-threads=4 --multi-dex --output D:\AndroidStudio\AndroidStudioWorkspace\CylinderDrive\app\build\intermediates\transforms\dex\debug\folders\1000\10\com.android.support-support-fragment-24.2.0_656306919d766ac8963cdf0974ebf681d95dc644 D:\AndroidStudio\AndroidStudioWorkspace\CylinderDrive\app\build\intermediates\exploded-aar\com.android.support\support-fragment\24.2.0\jars\classes.jar
java_class_path (initial): D:\AndroidStudio\sdk\build-tools\24.0.1\lib\dx.jar
Launcher Type: SUN_STANDARD

Environment Variables:
JAVA_HOME=C:\Program Files\Java\jdk1.8.0_91
PATH=C:\ProgramData\Oracle\Java\javapath;C:\Program Files (x86)\Intel\TXE Components\TCS\;C:\Program Files\Intel\TXE Components\TCS\;C:\Windows\system32;C:\Windows;C:\Windows\System32\Wbem;C:\Windows\System32\WindowsPowerShell\v1.0\;C:\Program Files\Intel\TXE Components\DAL\;C:\Program Files (x86)\Intel\TXE Components\DAL\;C:\Program Files\Intel\TXE Components\IPT\;C:\Program Files (x86)\Intel\TXE Components\IPT\C:\Program Files\Java\jdk1.8.0_91\bin;D:\Nodejs\;D:\MongoDb\bin\;C:\Program Files\Git\cmd;C:\Users\Massimo\AppData\Roaming\npm
USERNAME=Massimo
OS=Windows_NT
PROCESSOR_IDENTIFIER=Intel64 Family 6 Model 76 Stepping 3, GenuineIntel



---------------  S Y S T E M  ---------------

OS: Windows 10.0 , 64 bit Build 10586 (10.0.10586.0)

CPU:total 4 (4 cores per cpu, 1 threads per core) family 6 model 76 stepping 3, cmov, cx8, fxsr, mmx, sse, sse2, sse3, ssse3, sse4.1, sse4.2, popcnt, aes, clmul, erms, 3dnowpref, tsc, tscinvbit

Memory: 4k page, physical 1987284k(223168k free), swap 3002420k(5500k free)

vm_info: Java HotSpot(TM) 64-Bit Server VM (25.91-b15) for windows-amd64 JRE (1.8.0_91-b15), built on May 20 2016 17:43:15 by "java_re" with MS VC++ 10.0 (VS2010)

time: Mon Nov 21 22:08:22 2016
elapsed time: 12 seconds (0d 0h 0m 12s)

